Der Buildvorgang wurde am 22.06.2014 16:31:50 gestartet.
     1>Projekt "C:\Users\ap\Documents\GitHub\Replicator-Hunt\build\exercises\common\common.vcxproj" auf Knoten "3", Build Ziel(e).
     1>CustomBuild:
         Building Custom Rule C:/Users/ap/Documents/GitHub/Replicator-Hunt/exercises/common/CMakeLists.txt
         CMake does not need to re-run because C:\Users\ap\Documents\GitHub\Replicator-Hunt\build\exercises\common\CMakeFiles\generate.stamp is up-to-date.
       ClCompile:
         D:\Programme (x86)\Microsoft Visual Studio 11.0\VC\bin\CL.exe /c /I"C:\Users\ap\Documents\GitHub\Replicator-Hunt\exercises\common" /I"C:\Users\ap\Documents\GitHub\Replicator-Hunt\external\glm-0.9.5.2\include" /I"C:\Users\ap\Documents\GitHub\Replicator-Hunt\external\GLee-5.4" /I"C:\Users\ap\Documents\GitHub\Replicator-Hunt\external\lib3ds-2.0\src" /I"C:\Users\ap\Documents\GitHub\Replicator-Hunt\external\DevIL-1.7.8\include" /I"C:\Users\ap\Documents\GitHub\Replicator-Hunt\external\DevIL-1.7.8\include\IL" /I"C:\Users\ap\Documents\GitHub\Replicator-Hunt\external\glm-obj-0.3.1" /Zi /nologo /W3 /WX- /Od /Ob0 /Oy- /D WIN32 /D _WINDOWS /D _DEBUG /D "CMAKE_INTDIR=\"Debug\"" /D _MBCS /Gm- /EHsc /RTC1 /MDd /GS /fp:precise /Zc:wchar_t /Zc:forScope /GR /Fo"common.dir\Debug\\" /Fd"common.dir\Debug\vc110.pdb" /Gd /TP /analyze- /errorReport:prompt ..\..\..\exercises\common\oogl\DisplayList.cpp ..\..\..\exercises\common\oogl\FrameBufferObject.cpp ..\..\..\exercises\common\oogl\GLSLProgram.cpp ..\..\..\exercises\common\oogl\GLSLShader.cpp ..\..\..\exercises\common\oogl\gl_error.cpp ..\..\..\exercises\common\oogl\Image.cpp ..\..\..\exercises\common\oogl\model\Model3ds.cpp ..\..\..\exercises\common\oogl\model\ModelObj.cpp ..\..\..\exercises\common\oogl\Model.cpp ..\..\..\exercises\common\oogl\Navigator.cpp ..\..\..\exercises\common\oogl\Texture.cpp ..\..\..\exercises\common\oogl\Texture2D.cpp ..\..\..\exercises\common\oogl\Texture3D.cpp
         DisplayList.cpp
         FrameBufferObject.cpp
         GLSLProgram.cpp
         GLSLShader.cpp
         gl_error.cpp
         Image.cpp
         Model3ds.cpp
         ModelObj.cpp
         Model.cpp
         Navigator.cpp
         GLM: rotate function taking degrees as a parameter is deprecated. #define GLM_FORCE_RADIANS before including GLM headers to remove this message.
         Texture.cpp
         Texture2D.cpp
         Texture3D.cpp
         Code wird generiert...
         D:\Programme (x86)\Microsoft Visual Studio 11.0\VC\bin\CL.exe /c /I"C:\Users\ap\Documents\GitHub\Replicator-Hunt\exercises\common" /I"C:\Users\ap\Documents\GitHub\Replicator-Hunt\external\glm-0.9.5.2\include" /I"C:\Users\ap\Documents\GitHub\Replicator-Hunt\external\GLee-5.4" /I"C:\Users\ap\Documents\GitHub\Replicator-Hunt\external\lib3ds-2.0\src" /I"C:\Users\ap\Documents\GitHub\Replicator-Hunt\external\DevIL-1.7.8\include" /I"C:\Users\ap\Documents\GitHub\Replicator-Hunt\external\DevIL-1.7.8\include\IL" /I"C:\Users\ap\Documents\GitHub\Replicator-Hunt\external\glm-obj-0.3.1" /Zi /nologo /W3 /WX- /Od /Ob0 /Oy- /D WIN32 /D _WINDOWS /D _DEBUG /D "CMAKE_INTDIR=\"Debug\"" /D _MBCS /Gm- /EHsc /RTC1 /MDd /GS /fp:precise /Zc:wchar_t /Zc:forScope /GR /Fo"common.dir\Debug\/oogl/timer.cpp.obj" /Fd"common.dir\Debug\vc110.pdb" /Gd /TP /analyze- /errorReport:prompt ..\..\..\exercises\common\oogl\timer.cpp
         timer.cpp
         D:\Programme (x86)\Microsoft Visual Studio 11.0\VC\bin\CL.exe /c /I"C:\Users\ap\Documents\GitHub\Replicator-Hunt\exercises\common" /I"C:\Users\ap\Documents\GitHub\Replicator-Hunt\external\glm-0.9.5.2\include" /I"C:\Users\ap\Documents\GitHub\Replicator-Hunt\external\GLee-5.4" /I"C:\Users\ap\Documents\GitHub\Replicator-Hunt\external\lib3ds-2.0\src" /I"C:\Users\ap\Documents\GitHub\Replicator-Hunt\external\DevIL-1.7.8\include" /I"C:\Users\ap\Documents\GitHub\Replicator-Hunt\external\DevIL-1.7.8\include\IL" /I"C:\Users\ap\Documents\GitHub\Replicator-Hunt\external\glm-obj-0.3.1" /Zi /nologo /W3 /WX- /Od /Ob0 /Oy- /D WIN32 /D _WINDOWS /D _DEBUG /D "CMAKE_INTDIR=\"Debug\"" /D _MBCS /Gm- /EHsc /RTC1 /MDd /GS /fp:precise /Zc:wchar_t /Zc:forScope /GR /Fo"common.dir\Debug\/utils/timer.cpp.obj" /Fd"common.dir\Debug\vc110.pdb" /Gd /TP /analyze- /errorReport:prompt ..\..\..\exercises\common\utils\timer.cpp
         timer.cpp
       Lib:
         D:\Programme (x86)\Microsoft Visual Studio 11.0\VC\bin\Lib.exe /OUT:"C:\Users\ap\Documents\GitHub\Replicator-Hunt\build\lib\Debug\commond.lib" /NOLOGO common.dir\Debug\DisplayList.obj
         common.dir\Debug\FrameBufferObject.obj
         common.dir\Debug\GLSLProgram.obj
         common.dir\Debug\GLSLShader.obj
         common.dir\Debug\gl_error.obj
         common.dir\Debug\Image.obj
         common.dir\Debug\Model3ds.obj
         common.dir\Debug\ModelObj.obj
         common.dir\Debug\Model.obj
         common.dir\Debug\Navigator.obj
         common.dir\Debug\Texture.obj
         common.dir\Debug\Texture2D.obj
         common.dir\Debug\Texture3D.obj
         common.dir\Debug\/oogl/timer.cpp.obj
         common.dir\Debug\/utils/timer.cpp.obj
         common.vcxproj -> C:\Users\ap\Documents\GitHub\Replicator-Hunt\build\lib\Debug\commond.lib
     1>Die Erstellung des Projekts "C:\Users\ap\Documents\GitHub\Replicator-Hunt\build\exercises\common\common.vcxproj" ist abgeschlossen, Build Ziel(e).

Build erfolgreich.

Verstrichene Zeit 00:00:13.25
