Build started 19.06.2014 14:25:51.
     1>Project "D:\Users\Dominik\Documents\GitHub\Replicator-Hunt\build\exercises\common\common.vcxproj" on node 3 (Rebuild target(s)).
     1>CustomBuild:
         Building Custom Rule D:/Users/Dominik/Documents/GitHub/Replicator-Hunt/exercises/common/CMakeLists.txt
         CMake does not need to re-run because D:\Users\Dominik\Documents\GitHub\Replicator-Hunt\build\exercises\common\CMakeFiles\generate.stamp is up-to-date.
       ClCompile:
         E:\Program Files (x86)\Microsoft Visual Studio 12.0\VC\bin\CL.exe /c /I"D:\Users\Dominik\Documents\GitHub\Replicator-Hunt\exercises\common" /I"D:\Users\Dominik\Documents\GitHub\Replicator-Hunt\external\glm-0.9.5.2\include" /I"D:\Users\Dominik\Documents\GitHub\Replicator-Hunt\external\GLee-5.4" /I"D:\Users\Dominik\Documents\GitHub\Replicator-Hunt\external\lib3ds-2.0\src" /I"D:\Users\Dominik\Documents\GitHub\Replicator-Hunt\external\DevIL-1.7.8\include" /I"D:\Users\Dominik\Documents\GitHub\Replicator-Hunt\external\DevIL-1.7.8\include\IL" /I"D:\Users\Dominik\Documents\GitHub\Replicator-Hunt\external\glm-obj-0.3.1" /nologo /W3 /WX- /O2 /Ob2 /Oy- /D WIN32 /D _WINDOWS /D NDEBUG /D "CMAKE_INTDIR=\"Release\"" /D _MBCS /Gm- /EHsc /MD /GS /fp:precise /Zc:wchar_t /Zc:forScope /GR /Fo"common.dir\Release\\" /Fd"common.dir\Release\vc120.pdb" /Gd /TP /analyze- /errorReport:prompt ..\..\..\exercises\common\oogl\DisplayList.cpp ..\..\..\exercises\common\oogl\FrameBufferObject.cpp ..\..\..\exercises\common\oogl\GLSLProgram.cpp ..\..\..\exercises\common\oogl\GLSLShader.cpp ..\..\..\exercises\common\oogl\gl_error.cpp ..\..\..\exercises\common\oogl\Image.cpp ..\..\..\exercises\common\oogl\model\Model3ds.cpp ..\..\..\exercises\common\oogl\model\ModelObj.cpp ..\..\..\exercises\common\oogl\Model.cpp ..\..\..\exercises\common\oogl\Navigator.cpp ..\..\..\exercises\common\oogl\Texture.cpp ..\..\..\exercises\common\oogl\Texture2D.cpp ..\..\..\exercises\common\oogl\Texture3D.cpp
         DisplayList.cpp
         FrameBufferObject.cpp
         GLSLProgram.cpp
         GLSLShader.cpp
         gl_error.cpp
         Image.cpp
         Model3ds.cpp
         ModelObj.cpp
         Model.cpp
         Navigator.cpp
         GLM: rotate function taking degrees as a parameter is deprecated. #define GLM_FORCE_RADIANS before including GLM headers to remove this message.
         Texture.cpp
         Texture2D.cpp
         Texture3D.cpp
         Generating Code...
         E:\Program Files (x86)\Microsoft Visual Studio 12.0\VC\bin\CL.exe /c /I"D:\Users\Dominik\Documents\GitHub\Replicator-Hunt\exercises\common" /I"D:\Users\Dominik\Documents\GitHub\Replicator-Hunt\external\glm-0.9.5.2\include" /I"D:\Users\Dominik\Documents\GitHub\Replicator-Hunt\external\GLee-5.4" /I"D:\Users\Dominik\Documents\GitHub\Replicator-Hunt\external\lib3ds-2.0\src" /I"D:\Users\Dominik\Documents\GitHub\Replicator-Hunt\external\DevIL-1.7.8\include" /I"D:\Users\Dominik\Documents\GitHub\Replicator-Hunt\external\DevIL-1.7.8\include\IL" /I"D:\Users\Dominik\Documents\GitHub\Replicator-Hunt\external\glm-obj-0.3.1" /nologo /W3 /WX- /O2 /Ob2 /Oy- /D WIN32 /D _WINDOWS /D NDEBUG /D "CMAKE_INTDIR=\"Release\"" /D _MBCS /Gm- /EHsc /MD /GS /fp:precise /Zc:wchar_t /Zc:forScope /GR /Fo"common.dir\Release\/oogl/timer.cpp.obj" /Fd"common.dir\Release\vc120.pdb" /Gd /TP /analyze- /errorReport:prompt ..\..\..\exercises\common\oogl\timer.cpp
         timer.cpp
         E:\Program Files (x86)\Microsoft Visual Studio 12.0\VC\bin\CL.exe /c /I"D:\Users\Dominik\Documents\GitHub\Replicator-Hunt\exercises\common" /I"D:\Users\Dominik\Documents\GitHub\Replicator-Hunt\external\glm-0.9.5.2\include" /I"D:\Users\Dominik\Documents\GitHub\Replicator-Hunt\external\GLee-5.4" /I"D:\Users\Dominik\Documents\GitHub\Replicator-Hunt\external\lib3ds-2.0\src" /I"D:\Users\Dominik\Documents\GitHub\Replicator-Hunt\external\DevIL-1.7.8\include" /I"D:\Users\Dominik\Documents\GitHub\Replicator-Hunt\external\DevIL-1.7.8\include\IL" /I"D:\Users\Dominik\Documents\GitHub\Replicator-Hunt\external\glm-obj-0.3.1" /nologo /W3 /WX- /O2 /Ob2 /Oy- /D WIN32 /D _WINDOWS /D NDEBUG /D "CMAKE_INTDIR=\"Release\"" /D _MBCS /Gm- /EHsc /MD /GS /fp:precise /Zc:wchar_t /Zc:forScope /GR /Fo"common.dir\Release\/utils/timer.cpp.obj" /Fd"common.dir\Release\vc120.pdb" /Gd /TP /analyze- /errorReport:prompt ..\..\..\exercises\common\utils\timer.cpp
         timer.cpp
       Lib:
         E:\Program Files (x86)\Microsoft Visual Studio 12.0\VC\bin\Lib.exe /OUT:"D:\Users\Dominik\Documents\GitHub\Replicator-Hunt\build\lib\Release\common.lib" /NOLOGO common.dir\Release\DisplayList.obj
         common.dir\Release\FrameBufferObject.obj
         common.dir\Release\GLSLProgram.obj
         common.dir\Release\GLSLShader.obj
         common.dir\Release\gl_error.obj
         common.dir\Release\Image.obj
         common.dir\Release\Model3ds.obj
         common.dir\Release\ModelObj.obj
         common.dir\Release\Model.obj
         common.dir\Release\Navigator.obj
         common.dir\Release\Texture.obj
         common.dir\Release\Texture2D.obj
         common.dir\Release\Texture3D.obj
         common.dir\Release\/oogl/timer.cpp.obj
         common.dir\Release\/utils/timer.cpp.obj
         common.vcxproj -> D:\Users\Dominik\Documents\GitHub\Replicator-Hunt\build\lib\Release\common.lib
     1>Done Building Project "D:\Users\Dominik\Documents\GitHub\Replicator-Hunt\build\exercises\common\common.vcxproj" (Rebuild target(s)).

Build succeeded.

Time Elapsed 00:00:13.82
