Build started 14.06.2014 09:56:20.
     1>Project "D:\Users\Dominik\Documents\GitHub\Replicator-Hunt\build\exercises\ex6AdvancedTextureMapping\ex6AdvancedTextureMapping.vcxproj" on node 6 (Rebuild target(s)).
     1>CustomBuild:
         Building Custom Rule D:/Users/Dominik/Desktop/Uni/4. Sem/CG/ex6AdvancedTextureMapping/ex6AdvancedTextureMapping/exercises/ex6AdvancedTextureMapping/CMakeLists.txt
         CMake does not need to re-run because D:\Users\Dominik\Desktop\Uni\4. Sem\CG\ex6AdvancedTextureMapping\ex6AdvancedTextureMapping\build\exercises\ex6AdvancedTextureMapping\CMakeFiles\generate.stamp is up-to-date.
       ClCompile:
         E:\Program Files (x86)\Microsoft Visual Studio 12.0\VC\bin\CL.exe /c /I"D:\Users\Dominik\Desktop\Uni\4. Sem\CG\ex6AdvancedTextureMapping\ex6AdvancedTextureMapping\exercises\ex6AdvancedTextureMapping" /I"D:\Users\Dominik\Desktop\Uni\4. Sem\CG\ex6AdvancedTextureMapping\ex6AdvancedTextureMapping\external\freeglut-2.8.1\include" /I"D:\Users\Dominik\Desktop\Uni\4. Sem\CG\ex6AdvancedTextureMapping\ex6AdvancedTextureMapping\external\freeglut-2.8.1\include\GL" /I"D:\Users\Dominik\Desktop\Uni\4. Sem\CG\ex6AdvancedTextureMapping\ex6AdvancedTextureMapping\exercises\common" /I"D:\Users\Dominik\Desktop\Uni\4. Sem\CG\ex6AdvancedTextureMapping\ex6AdvancedTextureMapping\external\glm-0.9.5.2\include" /I"D:\Users\Dominik\Desktop\Uni\4. Sem\CG\ex6AdvancedTextureMapping\ex6AdvancedTextureMapping\external\GLee-5.4" /I"D:\Users\Dominik\Desktop\Uni\4. Sem\CG\ex6AdvancedTextureMapping\ex6AdvancedTextureMapping\external\lib3ds-2.0\src" /I"D:\Users\Dominik\Desktop\Uni\4. Sem\CG\ex6AdvancedTextureMapping\ex6AdvancedTextureMapping\external\DevIL-1.7.8\include" /I"D:\Users\Dominik\Desktop\Uni\4. Sem\CG\ex6AdvancedTextureMapping\ex6AdvancedTextureMapping\external\DevIL-1.7.8\include\IL" /I"D:\Users\Dominik\Desktop\Uni\4. Sem\CG\ex6AdvancedTextureMapping\ex6AdvancedTextureMapping\external\glm-obj-0.3.1" /Zi /nologo /W3 /WX- /Od /Ob0 /Oy- /D WIN32 /D _WINDOWS /D _DEBUG /D "CMAKE_INTDIR=\"Debug\"" /D _MBCS /Gm- /EHsc /RTC1 /MDd /GS /fp:precise /Zc:wchar_t /Zc:forScope /GR /Fo"ex6AdvancedTextureMapping.dir\Debug\\" /Fd"ex6AdvancedTextureMapping.dir\Debug\vc120.pdb" /Gd /TP /analyze- /errorReport:prompt ..\..\..\exercises\ex6AdvancedTextureMapping\EnvMappingScene.cpp ..\..\..\exercises\ex6AdvancedTextureMapping\main.cpp ..\..\..\exercises\ex6AdvancedTextureMapping\MultiTexturingScene.cpp ..\..\..\exercises\ex6AdvancedTextureMapping\Scene.cpp ..\..\..\exercises\ex6AdvancedTextureMapping\ShadowMappingScene.cpp ..\..\..\exercises\ex6AdvancedTextureMapping\ThreeDTextureScene.cpp
         EnvMappingScene.cpp
         main.cpp
         MultiTexturingScene.cpp
         Scene.cpp
         ShadowMappingScene.cpp
         ThreeDTextureScene.cpp
         Generating Code...
       Link:
         E:\Program Files (x86)\Microsoft Visual Studio 12.0\VC\bin\link.exe /ERRORREPORT:PROMPT /OUT:"D:\Users\Dominik\Desktop\Uni\4. Sem\CG\ex6AdvancedTextureMapping\ex6AdvancedTextureMapping\build\bin\Debug\ex6AdvancedTextureMappingd.exe" /INCREMENTAL /NOLOGO /LIBPATH:"D:/Users/Dominik/Desktop/Uni/4. Sem/CG/ex6AdvancedTextureMapping/ex6AdvancedTextureMapping/external/freeglut-2.8.1/lib" /LIBPATH:"D:/Users/Dominik/Desktop/Uni/4. Sem/CG/ex6AdvancedTextureMapping/ex6AdvancedTextureMapping/external/freeglut-2.8.1/lib/Debug" /LIBPATH:"D:/Users/Dominik/Desktop/Uni/4. Sem/CG/ex6AdvancedTextureMapping/ex6AdvancedTextureMapping/build/bin" /LIBPATH:"D:/Users/Dominik/Desktop/Uni/4. Sem/CG/ex6AdvancedTextureMapping/ex6AdvancedTextureMapping/build/bin/Debug" /LIBPATH:"D:/Users/Dominik/Desktop/Uni/4. Sem/CG/ex6AdvancedTextureMapping/ex6AdvancedTextureMapping/external/DevIL-1.7.8/lib" /LIBPATH:"D:/Users/Dominik/Desktop/Uni/4. Sem/CG/ex6AdvancedTextureMapping/ex6AdvancedTextureMapping/external/DevIL-1.7.8/lib/Debug" kernel32.lib user32.lib gdi32.lib winspool.lib shell32.lib ole32.lib oleaut32.lib uuid.lib comdlg32.lib advapi32.lib "..\..\..\external\freeglut-2.8.1\lib\freeglutD.lib" ..\..\lib\Debug\commond.lib glu32.lib opengl32.lib ..\..\lib\Debug\GLeed.lib glu32.lib opengl32.lib "..\..\lib\Debug\lib3ds-2_0d.lib" "..\..\..\external\DevIL-1.7.8\lib\DevIL.lib" "..\..\..\external\DevIL-1.7.8\lib\ILU.lib" "..\..\..\external\DevIL-1.7.8\lib\ILUT.lib" ..\..\lib\Debug\glmobjd.lib glu32.lib opengl32.lib "..\..\..\external\DevIL-1.7.8\lib\DevIL.lib" "..\..\..\external\DevIL-1.7.8\lib\ILU.lib" "..\..\..\external\DevIL-1.7.8\lib\ILUT.lib" /MANIFEST /MANIFESTUAC:"level='asInvoker' uiAccess='false'" /manifest:embed /DEBUG /PDB:"D:/Users/Dominik/Desktop/Uni/4. Sem/CG/ex6AdvancedTextureMapping/ex6AdvancedTextureMapping/build/bin/Debug/ex6AdvancedTextureMappingd.pdb" /SUBSYSTEM:CONSOLE /TLBID:1 /DYNAMICBASE /NXCOMPAT /IMPLIB:"D:/Users/Dominik/Desktop/Uni/4. Sem/CG/ex6AdvancedTextureMapping/ex6AdvancedTextureMapping/build/lib/Debug/ex6AdvancedTextureMappingd.lib" /MACHINE:X86 /SAFESEH  /machine:X86 /debug ex6AdvancedTextureMapping.dir\Debug\EnvMappingScene.obj
         ex6AdvancedTextureMapping.dir\Debug\main.obj
         ex6AdvancedTextureMapping.dir\Debug\MultiTexturingScene.obj
         ex6AdvancedTextureMapping.dir\Debug\Scene.obj
         ex6AdvancedTextureMapping.dir\Debug\ShadowMappingScene.obj
         ex6AdvancedTextureMapping.dir\Debug\ThreeDTextureScene.obj
     1>commond.lib(DisplayList.obj) : warning LNK4099: PDB 'vc120.pdb' was not found with 'commond.lib(DisplayList.obj)' or at 'D:\Users\Dominik\Desktop\Uni\4. Sem\CG\ex6AdvancedTextureMapping\ex6AdvancedTextureMapping\build\bin\Debug\vc120.pdb'; linking object as if no debug info
     1>commond.lib(GLSLProgram.obj) : warning LNK4099: PDB 'vc120.pdb' was not found with 'commond.lib(GLSLProgram.obj)' or at 'D:\Users\Dominik\Desktop\Uni\4. Sem\CG\ex6AdvancedTextureMapping\ex6AdvancedTextureMapping\build\bin\Debug\vc120.pdb'; linking object as if no debug info
     1>commond.lib(GLSLShader.obj) : warning LNK4099: PDB 'vc120.pdb' was not found with 'commond.lib(GLSLShader.obj)' or at 'D:\Users\Dominik\Desktop\Uni\4. Sem\CG\ex6AdvancedTextureMapping\ex6AdvancedTextureMapping\build\bin\Debug\vc120.pdb'; linking object as if no debug info
     1>commond.lib(gl_error.obj) : warning LNK4099: PDB 'vc120.pdb' was not found with 'commond.lib(gl_error.obj)' or at 'D:\Users\Dominik\Desktop\Uni\4. Sem\CG\ex6AdvancedTextureMapping\ex6AdvancedTextureMapping\build\bin\Debug\vc120.pdb'; linking object as if no debug info
     1>commond.lib(Image.obj) : warning LNK4099: PDB 'vc120.pdb' was not found with 'commond.lib(Image.obj)' or at 'D:\Users\Dominik\Desktop\Uni\4. Sem\CG\ex6AdvancedTextureMapping\ex6AdvancedTextureMapping\build\bin\Debug\vc120.pdb'; linking object as if no debug info
     1>commond.lib(Model3ds.obj) : warning LNK4099: PDB 'vc120.pdb' was not found with 'commond.lib(Model3ds.obj)' or at 'D:\Users\Dominik\Desktop\Uni\4. Sem\CG\ex6AdvancedTextureMapping\ex6AdvancedTextureMapping\build\bin\Debug\vc120.pdb'; linking object as if no debug info
     1>commond.lib(ModelObj.obj) : warning LNK4099: PDB 'vc120.pdb' was not found with 'commond.lib(ModelObj.obj)' or at 'D:\Users\Dominik\Desktop\Uni\4. Sem\CG\ex6AdvancedTextureMapping\ex6AdvancedTextureMapping\build\bin\Debug\vc120.pdb'; linking object as if no debug info
     1>commond.lib(Model.obj) : warning LNK4099: PDB 'vc120.pdb' was not found with 'commond.lib(Model.obj)' or at 'D:\Users\Dominik\Desktop\Uni\4. Sem\CG\ex6AdvancedTextureMapping\ex6AdvancedTextureMapping\build\bin\Debug\vc120.pdb'; linking object as if no debug info
     1>commond.lib(Texture.obj) : warning LNK4099: PDB 'vc120.pdb' was not found with 'commond.lib(Texture.obj)' or at 'D:\Users\Dominik\Desktop\Uni\4. Sem\CG\ex6AdvancedTextureMapping\ex6AdvancedTextureMapping\build\bin\Debug\vc120.pdb'; linking object as if no debug info
     1>commond.lib(Texture2D.obj) : warning LNK4099: PDB 'vc120.pdb' was not found with 'commond.lib(Texture2D.obj)' or at 'D:\Users\Dominik\Desktop\Uni\4. Sem\CG\ex6AdvancedTextureMapping\ex6AdvancedTextureMapping\build\bin\Debug\vc120.pdb'; linking object as if no debug info
     1>commond.lib(Texture3D.obj) : warning LNK4099: PDB 'vc120.pdb' was not found with 'commond.lib(Texture3D.obj)' or at 'D:\Users\Dominik\Desktop\Uni\4. Sem\CG\ex6AdvancedTextureMapping\ex6AdvancedTextureMapping\build\bin\Debug\vc120.pdb'; linking object as if no debug info
     1>GLeed.lib(GLee.obj) : warning LNK4099: PDB 'vc120.pdb' was not found with 'GLeed.lib(GLee.obj)' or at 'D:\Users\Dominik\Desktop\Uni\4. Sem\CG\ex6AdvancedTextureMapping\ex6AdvancedTextureMapping\build\bin\Debug\vc120.pdb'; linking object as if no debug info
     1>glmobjd.lib(glm.obj) : warning LNK4099: PDB 'vc120.pdb' was not found with 'glmobjd.lib(glm.obj)' or at 'D:\Users\Dominik\Desktop\Uni\4. Sem\CG\ex6AdvancedTextureMapping\ex6AdvancedTextureMapping\build\bin\Debug\vc120.pdb'; linking object as if no debug info
     1>glmobjd.lib(glmimg.obj) : warning LNK4099: PDB 'vc120.pdb' was not found with 'glmobjd.lib(glmimg.obj)' or at 'D:\Users\Dominik\Desktop\Uni\4. Sem\CG\ex6AdvancedTextureMapping\ex6AdvancedTextureMapping\build\bin\Debug\vc120.pdb'; linking object as if no debug info
     1>glmobjd.lib(glmimg_devil.obj) : warning LNK4099: PDB 'vc120.pdb' was not found with 'glmobjd.lib(glmimg_devil.obj)' or at 'D:\Users\Dominik\Desktop\Uni\4. Sem\CG\ex6AdvancedTextureMapping\ex6AdvancedTextureMapping\build\bin\Debug\vc120.pdb'; linking object as if no debug info
     1>glmobjd.lib(glm_util.obj) : warning LNK4099: PDB 'vc120.pdb' was not found with 'glmobjd.lib(glm_util.obj)' or at 'D:\Users\Dominik\Desktop\Uni\4. Sem\CG\ex6AdvancedTextureMapping\ex6AdvancedTextureMapping\build\bin\Debug\vc120.pdb'; linking object as if no debug info
         ex6AdvancedTextureMapping.vcxproj -> D:\Users\Dominik\Desktop\Uni\4. Sem\CG\ex6AdvancedTextureMapping\ex6AdvancedTextureMapping\build\bin\Debug\ex6AdvancedTextureMappingd.exe
     1>Done Building Project "D:\Users\Dominik\Documents\GitHub\Replicator-Hunt\build\exercises\ex6AdvancedTextureMapping\ex6AdvancedTextureMapping.vcxproj" (Rebuild target(s)).

Build succeeded.

Time Elapsed 00:00:06.24
